<?xml version="1.0" encoding="UTF-8"?>
<!-- Generated by org.testng.reporters.JUnitReportReporter -->
<testsuite hostname="DESKTOP-E7FOCSH" failures="0" tests="4" name="com.qa.Test.HomePageTest" time="46.333" errors="0" timestamp="2022-08-22T15:24:57 IST" skipped="0">
  <testcase classname="com.qa.Test.HomePageTest" name="TC001_verify_That_User_Should_Login_With_Correct_User_Name_and_Password" time="11.518"/>
  <system-out/>
  <testcase classname="com.qa.Test.HomePageTest" name="TC002_Verify_That_Home_Page_Is_Displayed_After_LogIn" time="10.722"/>
  <system-out/>
  <testcase classname="com.qa.Test.HomePageTest" name="TC003_verify_That_Logo_is_Displayed" time="10.731"/>
  <system-out/>
  <testcase classname="com.qa.Test.HomePageTest" name="TC005_verify_That_User_Able_To_Serch_product" time="13.362"/>
  <system-out/>
</testsuite> <!-- com.qa.Test.HomePageTest -->
