<?xml version="1.0" encoding="UTF-8"?>
<!-- Generated by org.testng.reporters.JUnitReportReporter -->
<testsuite hostname="DESKTOP-E7FOCSH" failures="0" tests="1" name="com.qa.Test.Test2" time="12.358" errors="0" timestamp="2022-07-29T23:27:07 IST" skipped="0">
  <testcase classname="com.qa.Test.Test2" name="Scenario_Two" time="12.358"/>
  <system-out/>
</testsuite> <!-- com.qa.Test.Test2 -->
