<?xml version="1.0" encoding="UTF-8"?>
<!-- Generated by org.testng.reporters.JUnitReportReporter -->
<testsuite hostname="DESKTOP-E7FOCSH" failures="0" tests="3" name="com.qa.Test.CheckoutAndPaymentsPageTest" time="130.779" errors="0" timestamp="2022-08-22T13:00:59 IST" skipped="0">
  <testcase classname="com.qa.Test.CheckoutAndPaymentsPageTest" name="TC001_verify_That_Valid_Account_Holder_Name_Displyed_Under_Login" time="44.768"/>
  <system-out/>
  <testcase classname="com.qa.Test.CheckoutAndPaymentsPageTest" name="TC002_verify_That_Delivery_Address_Details_Should_Be_Displayed_And_User_Able_To_Select_One_Delivery_Address" time="37.161"/>
  <system-out/>
  <testcase classname="com.qa.Test.CheckoutAndPaymentsPageTest" name="TC003_Verify_That_Order_Summary_Having_Same_Product_Wich_Available_In_Cart_Page" time="48.850"/>
  <system-out/>
</testsuite> <!-- com.qa.Test.CheckoutAndPaymentsPageTest -->
