<?xml version="1.0" encoding="UTF-8"?>
<!-- Generated by org.testng.reporters.JUnitReportReporter -->
<testsuite hostname="DESKTOP-E7FOCSH" failures="0" tests="4" name="com.qa.Test.HomePageTest" time="76.941" errors="0" timestamp="2022-09-14T16:03:18 IST" skipped="0">
  <testcase classname="com.qa.Test.HomePageTest" name="TC001_verify_That_User_Should_Login_With_Correct_User_Name_and_Password" time="17.275"/>
  <system-out/>
  <testcase classname="com.qa.Test.HomePageTest" name="TC002_Verify_That_Home_Page_Is_Displayed_After_LogIn" time="16.065"/>
  <system-out/>
  <testcase classname="com.qa.Test.HomePageTest" name="TC003_verify_That_Logo_is_Displayed" time="14.862"/>
  <system-out/>
  <testcase classname="com.qa.Test.HomePageTest" name="TC005_verify_That_User_Able_To_Serch_product" time="28.739"/>
  <system-out/>
</testsuite> <!-- com.qa.Test.HomePageTest -->
