<?xml version="1.0" encoding="UTF-8"?>
<!-- Generated by org.testng.reporters.JUnitReportReporter -->
<testsuite hostname="DESKTOP-E7FOCSH" failures="0" tests="4" name="com.qa.Test.CartPageTest" time="124.234" errors="0" timestamp="2022-08-22T13:00:59 IST" skipped="0">
  <testcase classname="com.qa.Test.CartPageTest" name="TC001_verify_That_Item_Quantity_Should_Be_Increased_If_user_click_On_Increase_Button" time="29.478"/>
  <system-out/>
  <testcase classname="com.qa.Test.CartPageTest" name="TC002_verify_That_Total_Amount_Of_All_Items_Should_Be_displayed_to_user" time="37.844"/>
  <system-out/>
  <testcase classname="com.qa.Test.CartPageTest" name="TC005_verify_That_When_User_Clicks_On_Remove_Button_The_Item_Should_Be_Removed_From_Cart" time="29.406"/>
  <system-out/>
  <testcase classname="com.qa.Test.CartPageTest" name="TC007_verify_That_User_Should_Able_To_Ckick_On_Place_Order_Button_And_Redirect_On_Checkout_And_Payments_Page" time="27.506"/>
  <system-out/>
</testsuite> <!-- com.qa.Test.CartPageTest -->
