<?xml version="1.0" encoding="UTF-8"?>
<!-- Generated by org.testng.reporters.JUnitReportReporter -->
<testsuite hostname="DESKTOP-E7FOCSH" failures="0" tests="3" name="com.qa.Test.SearchResultPageTest" time="69.825" errors="0" timestamp="2022-08-22T13:00:59 IST" skipped="0">
  <testcase classname="com.qa.Test.SearchResultPageTest" name="verify_That_Filters_Options_Should_Be_Present_On_Search_Results_Page" time="13.324"/>
  <system-out/>
  <testcase classname="com.qa.Test.SearchResultPageTest" name="TC00_verify_That_User_Able_to_Apply_Filters_on_Serch_Product" time="22.750"/>
  <system-out/>
  <testcase classname="com.qa.Test.SearchResultPageTest" name="TC009_verify_That_When_User_Clicks_On_Any_Product_User_Should_Be_Redirected_To_Product_Specification_Page" time="33.751"/>
  <system-out/>
</testsuite> <!-- com.qa.Test.SearchResultPageTest -->
